Marking #../py/repos-copy/dpkansar/a3: StudentInfo(repo='dpkansar', first='Devansh', last='Kansara', watiam='dpkansar', studentid=21112551, email='dpkansar@uwaterloo.ca')
Mark = 0

Running test 0 (idle run, try not to crash):	
 +20 (/20)
Running test 1 (idle run, check if output is valid, expect to get 3 graphs):

Output is:
--------------
V 60
E {<32,33>,<33,36>,<16,26>,<41,31>,<43,44>,<13,10>,<44,5>,<52,18>,<36,59>,<31,39>,<49,23>,<49,40>,<21,43>,<19,42>,<8,45>,<21,23>,<60,45>,<42,43>,<43,53>,<24,35>,<35,33>,<48,21>,<35,34>,<29,39>,<47,19>,<56,57>,<37,42>,<15,16>,<38,37>,<20,57>,<51,50>,<31,28>,<23,44>,<50,37>,<56,48>,<55,56>,<9,38>,<7,16>,<50,25>,<26,9>,<52,53>,<54,22>,<4,50>,<30,55>,<53,54>,<5,1>,<17,55>,<29,31>,<39,59>,<13,12>,<11,13>,<58,51>,<44,54>,<59,26>,<30,41>,<42,52>,<59,15>,<53,18>,<60,36>,<39,9>,<54,14>,<1,13>,<55,47>,<24,60>,<8,46>,<19,21>,<47,48>,<46,17>,<5,3>,<2,19>,<26,58>,<20,56>,<33,60>,<38,51>,<36,29>,<45,46>,<37,52>,<27,35>,<41,47>,<9,6>,<23,5>,<45,29>,<58,38>,<51,4>,<46,41>,<57,11>,<16,58>,<57,49>,<48,49>}
V 30
E {<15,12>,<19,20>,<25,14>,<24,27>,<9,15>,<28,29>,<29,24>,<20,21>,<27,25>,<26,29>,<12,10>,<5,4>,<16,4>,<27,22>,<23,21>,<12,4>,<30,15>,<21,30>,<22,25>,<17,20>,<14,23>,<3,5>,<7,8>,<8,6>,<23,18>,<15,13>,<29,27>,<1,8>,<25,23>,<20,30>,<21,18>,<11,12>,<30,11>,<8,5>,<5,2>}
V 7
E {<7,2>,<7,6>,<4,5>,<1,5>,<5,7>,<5,3>,<4,7>}
--------------

Status:	Graph validation succeeded
Parse result:
	(60, [(32, 33), (33, 36), (16, 26), (41, 31), (43, 44), (13, 10), (44, 5), (52, 18), (36, 59), (31, 39), (49, 23), (49, 40), (21, 43), (19, 42), (8, 45), (21, 23), (60, 45), (42, 43), (43, 53), (24, 35), (35, 33), (48, 21), (35, 34), (29, 39), (47, 19), (56, 57), (37, 42), (15, 16), (38, 37), (20, 57), (51, 50), (31, 28), (23, 44), (50, 37), (56, 48), (55, 56), (9, 38), (7, 16), (50, 25), (26, 9), (52, 53), (54, 22), (4, 50), (30, 55), (53, 54), (5, 1), (17, 55), (29, 31), (39, 59), (13, 12), (11, 13), (58, 51), (44, 54), (59, 26), (30, 41), (42, 52), (59, 15), (53, 18), (60, 36), (39, 9), (54, 14), (1, 13), (55, 47), (24, 60), (8, 46), (19, 21), (47, 48), (46, 17), (5, 3), (2, 19), (26, 58), (20, 56), (33, 60), (38, 51), (36, 29), (45, 46), (37, 52), (27, 35), (41, 47), (9, 6), (23, 5), (45, 29), (58, 38), (51, 4), (46, 41), (57, 11), (16, 58), (57, 49), (48, 49)])
	(30, [(15, 12), (19, 20), (25, 14), (24, 27), (9, 15), (28, 29), (29, 24), (20, 21), (27, 25), (26, 29), (12, 10), (5, 4), (16, 4), (27, 22), (23, 21), (12, 4), (30, 15), (21, 30), (22, 25), (17, 20), (14, 23), (3, 5), (7, 8), (8, 6), (23, 18), (15, 13), (29, 27), (1, 8), (25, 23), (20, 30), (21, 18), (11, 12), (30, 11), (8, 5), (5, 2)])
	(7, [(7, 2), (7, 6), (4, 5), (1, 5), (5, 7), (5, 3), (4, 7)])
Test 1 mark: +15 (/15)
Running test 2 (Error check arguments):
	running: ./ece650-a3 -l 1

Output is:
--------------
Error:Invalid l value

--------------
Test 2 mark: +5 (/5)
Running test 3 (idle run, check if output is valid):

Output is:
--------------
V 158
E {<3,25>,<7,73>,<16,49>,<27,136>,<149,81>,<134,17>,<61,100>,<59,123>,<103,139>,<79,112>,<129,80>,<105,147>,<97,12>,<153,30>,<36,117>,<20,121>,<106,97>,<144,58>,<25,64>,<19,22>,<42,113>,<111,47>,<116,92>,<45,44>,<75,149>,<28,16>,<40,105>,<32,35>,<121,144>,<118,99>,<73,91>,<70,69>,<101,71>,<143,21>,<75,95>,<73,126>,<147,115>,<152,145>,<142,140>,<44,59>,<111,87>,<22,21>,<140,75>,<44,13>,<85,110>,<58,59>,<98,54>,<66,27>,<77,154>,<144,134>,<56,63>,<42,109>,<99,111>,<16,11>,<114,117>,<19,56>,<136,60>,<153,37>,<122,141>,<22,2>,<86,155>,<62,87>,<129,18>,<35,78>,<156,152>,<145,95>,<72,7>,<140,145>,<156,142>,<87,47>,<119,14>,<117,151>,<81,157>,<51,39>,<109,46>,<108,116>,<109,107>,<57,40>,<95,61>,<63,5>,<100,40>,<49,45>,<36,118>,<14,28>,<65,69>,<83,113>,<115,102>,<119,38>,<135,119>,<155,94>,<102,125>,<98,16>,<93,158>,<158,143>,<60,82>,<8,35>,<112,149>,<134,132>,<118,156>,<5,1>,<83,114>,<71,26>,<28,101>,<8,72>,<52,134>,<116,41>,<124,127>,<141,34>,<87,79>,<12,39>,<157,147>,<115,146>,<49,56>,<55,62>,<39,8>,<113,114>,<58,52>,<117,118>,<68,57>,<53,52>,<50,55>,<100,57>,<136,146>,<158,116>,<23,99>,<82,54>,<81,51>,<59,53>,<146,82>,<123,63>,<25,31>,<122,126>,<53,9>,<113,109>,<2,5>,<48,44>,<97,51>,<57,139>,<91,37>,<155,148>,<5,4>,<131,133>,<78,76>,<137,138>,<14,101>,<127,97>,<139,105>,<38,14>,<54,128>,<29,31>,<95,89>,<33,77>,<15,100>,<74,150>,<157,135>,<121,17>,<18,19>,<128,129>,<40,89>,<114,150>,<63,22>,<138,67>,<6,66>,<89,157>,<3,55>,<31,72>,<133,121>,<102,98>,<125,98>,<76,153>,<154,30>,<47,75>,<60,143>,<10,43>,<45,13>,<35,33>,<11,19>,<47,112>,<99,142>,<150,88>,<90,91>,<77,96>,<46,10>,<107,108>,<133,144>,<108,158>,<69,66>,<65,70>,<90,131>,<46,43>,<101,48>,<151,148>,<94,93>,<43,85>,<11,45>,<88,85>,<93,60>,<43,110>,<64,122>,<91,58>,<31,8>,<72,76>,<78,73>,<82,128>,<110,84>,<51,135>,<89,81>,<142,111>,<123,53>,<148,156>,<125,28>,<128,80>,<68,137>,<110,108>,<135,125>,<106,127>,<143,129>,<69,94>,<145,61>,<61,70>,<56,123>,<149,106>,<70,68>,<148,152>,<120,122>,<96,71>,<55,124>,<141,24>,<112,106>,<88,46>,<71,48>,<39,119>,<126,131>,<147,104>,<54,11>,<23,62>,<126,141>,<131,130>,<151,155>,<127,29>,<138,136>,<52,9>,<64,78>,<103,138>,<96,154>,<154,153>,<130,133>,<38,96>,<66,68>,<48,49>,<105,115>,<137,67>,<3,64>,<146,102>,<152,140>,<33,38>,<139,137>,<32,33>,<150,151>,<94,88>,<124,25>,<76,77>,<62,124>,<85,93>}

~~~~~
Status:	Graph validation succeeded
Sending query	s 1 80
~~~~~

1-5-63-56-19-18-129-80
V 44
E {<2,18>,<30,4>,<15,17>,<41,26>,<1,13>,<29,30>,<12,19>,<20,41>,<40,42>,<28,25>,<30,41>,<38,7>,<17,2>,<39,10>,<24,28>,<10,8>,<28,33>,<39,44>,<38,40>,<42,44>,<18,7>,<31,33>,<5,14>,<19,39>,<16,36>,<22,11>,<14,38>,<14,17>,<37,30>,<41,43>,<1,5>,<43,16>,<44,22>,<13,22>,<40,13>,<36,34>,<43,23>,<34,27>,<36,32>,<3,5>,<7,23>,<26,28>,<19,10>,<23,19>,<17,18>,<34,32>,<37,43>,<9,40>,<44,13>,<35,16>,<42,39>,<12,16>,<10,6>,<7,37>,<23,42>,<18,37>,<5,38>,<33,27>,<22,21>,<8,36>,<33,34>}

~~~~~
Parsed response:	('P', [1, 5, 63, 56, 19, 18, 129, 80])
~~~~~

--------------

Test 3 mark:, +20 (/20)
Running test 4 (check if rgen produces valid output, expect to get 3 graphs):
	run: ./rgen -l 6 -s 3 -n 3 -c 10

Output is:
--------------
add "yhmev" (1,8) (8,6) (6,-8) (-8,-3) 
add "pkgqe" (-6,3) (3,8) 
gg
rm "yhmev"
rm "pkgqe"
add "pbaqy" (-6,-9) (-9,3) (3,-6) 
add "qvkjz" (-2,-5) (-5,-4) (-4,10) (10,5) 
add "xehsp" (-8,-10) (-10,1) (1,-4) (-4,9) 
gg
rm "pbaqy"
rm "qvkjz"
rm "xehsp"
add "ebgks" (4,-2) (-2,-10) (-10,3) 
add "tsiof" (2,-10) (-10,4) (4,-4) 
add "mmrgm" (-4,-2) (-2,-7) (-7,6) 
gg

--------------
Output without errors:

--------------
add "yhmev" (1,8) (8,6) (6,-8) (-8,-3) 
add "pkgqe" (-6,3) (3,8) 
gg
rm "yhmev"
rm "pkgqe"
add "pbaqy" (-6,-9) (-9,3) (3,-6) 
add "qvkjz" (-2,-5) (-5,-4) (-4,10) (10,5) 
add "xehsp" (-8,-10) (-10,1) (1,-4) (-4,9) 
gg
rm "pbaqy"
rm "qvkjz"
rm "xehsp"
add "ebgks" (4,-2) (-2,-10) (-10,3) 
add "tsiof" (2,-10) (-10,4) (4,-4) 
add "mmrgm" (-4,-2) (-2,-7) (-7,6) 
gg

--------------
Validation result:
s 2 n 3 x 8 y 8
s 3 n 3 x 10 y 10
s 3 n 2 x 10 y 10

Test 4 mark: +20 (/20)
Running test 5 (replace rgen, check shortest path):
Replaced rgen returned:

            add "Weber Street" (2,-1) (2,2) (5,5) (5,6) (3,8)
            add "King Street S" (4,2) (4,8)
            add "Davenport Road" (1,4) (5,8)
            gg
        
Output is:
--------------
V 10
E {<5,2>,<8,6>,<1,5>,<9,8>,<5,8>,<7,8>,<8,4>,<3,5>,<8,10>}

~~~~~
Status:	Graph validation succeeded
Sending queries:
s 1 8
s 4 8
~~~~~

1-5-8
4-8


--------------

Test 5 mark: +20 (/20)


--------------
Finished marking
Total mark: 100 / 100
Final mark: 100


           __    ______    ______   ________ 
         _/  \  /      \  /      \ |        \
        |   $$ |  $$$$$$\|  $$$$$$\ \$$$$$$$$
         \$$$$  \$$__| $$ \$$__| $$    /  $$ 
          | $$   |     $$  |     $$   /  $$  
          | $$  __\$$$$$\ __\$$$$$\  /  $$   
         _| $$_|  \__| $$|  \__| $$ /  $$    
        |   $$ \\$$    $$ \$$    $$|  $$     
         \$$$$$$ \$$$$$$   \$$$$$$  \$$      
        
